<?xml version="1.0" encoding="UTF-8" standalone="yes" ?>
<test-results name="C:\Users\kaleu\OneDrive\Desktop\Curso\Applications\Teste\Win32\Debug\LocacaoTeste.exe" total="3" errors="0" failures="0" ignored="0" inconclusive="0" not-run="0" skipped="0" invalid="0" date="2024-12-06" time="0.010">
  <culture-info current-culture="en" current-uiculture="en" />
  <test-suite type="Assembly" name="LocacaoTeste.exe" executed="true" result="Success" success="True" time="0.010" asserts="0">
    <results>
        <test-suite type="Namespace" name="uTesteCasosUsoCliente" executed="true" result="Success" success="True" time="0.009" asserts="0" >
          <results>
              <test-suite type="Fixture" name="TTesteCasoUsoCliente" executed="True" result="Success" success="True" time="0.009" >
                <results>
                  <test-case name="Test1" executed="True" result="Success" success="True" time="0.000" asserts="0" />
                  <test-case name="Test2.TestA" executed="True" result="Success" success="True" time="0.000" asserts="0" />
                  <test-case name="Test2.TestB" executed="True" result="Success" success="True" time="0.000" asserts="0" />
                </results>
              </test-suite>
          </results>
        </test-suite>
    </results>
  </test-suite>
</test-results>
